#
# There is insufficient memory for the Java Runtime Environment to continue.
# Native memory allocation (mmap) failed to map 89653248 bytes for committing reserved memory.
# Possible reasons:
#   The system is out of physical RAM or swap space
#   In 32 bit mode, the process size limit was hit
# Possible solutions:
#   Reduce memory load on the system
#   Increase physical memory or swap space
#   Check if swap backing store is full
#   Use 64 bit Java on a 64 bit OS
#   Decrease Java heap size (-Xmx/-Xms)
#   Decrease number of Java threads
#   Decrease Java thread stack sizes (-Xss)
#   Set larger code cache with -XX:ReservedCodeCacheSize=
# This output file may be truncated or incomplete.
#
#  Out of Memory Error (os_linux.cpp:2643), pid=5618, tid=0x00007f8e5745e700
#
# JRE version:  (8.0_131-b11) (build )
# Java VM: OpenJDK 64-Bit Server VM (25.131-b11 mixed mode linux-amd64 compressed oops)
# Failed to write core dump. Core dumps have been disabled. To enable core dumping, try "ulimit -c unlimited" before starting Java again
#

---------------  T H R E A D  ---------------

Current thread (0x00007f8e5000a000):  JavaThread "Unknown thread" [_thread_in_vm, id=5644, stack(0x00007f8e5735e000,0x00007f8e5745f000)]

Stack: [0x00007f8e5735e000,0x00007f8e5745f000],  sp=0x00007f8e5745d610,  free space=1021k
Native frames: (J=compiled Java code, j=interpreted, Vv=VM code, C=native code)
V  [libjvm.so+0xa6fa00]  VMError::report_and_die()+0x160
V  [libjvm.so+0x4c7bdc]  report_vm_out_of_memory(char const*, int, unsigned long, VMErrorType, char const*)+0xac
V  [libjvm.so+0x8be7a0]  os::pd_commit_memory(char*, unsigned long, unsigned long, bool)+0xf0
V  [libjvm.so+0x8b8e2e]  os::commit_memory(char*, unsigned long, unsigned long, bool)+0x2e
V  [libjvm.so+0x93395e]  PSVirtualSpace::expand_by(unsigned long)+0x4e
V  [libjvm.so+0x9243e3]  PSOldGen::initialize(ReservedSpace, unsigned long, char const*, int)+0x93
V  [libjvm.so+0x2b02e1]  AdjoiningGenerations::AdjoiningGenerations(ReservedSpace, GenerationSizer*, unsigned long)+0x321
V  [libjvm.so+0x8e39d2]  ParallelScavengeHeap::initialize()+0x242
V  [libjvm.so+0xa33c21]  Universe::initialize_heap()+0x1a1
V  [libjvm.so+0xa33e82]  universe_init()+0x42
V  [libjvm.so+0x611ddf]  init_globals()+0x5f
V  [libjvm.so+0xa185ea]  Threads::create_vm(JavaVMInitArgs*, bool*)+0x30a
V  [libjvm.so+0x68c0c1]  JNI_CreateJavaVM+0x61
C  [libjli.so+0x2f06]
C  [libjli.so+0x748d]
C  [libpthread.so.0+0x76da]  start_thread+0xca


---------------  P R O C E S S  ---------------

Java Threads: ( => current thread )

Other Threads:

=>0x00007f8e5000a000 (exited) JavaThread "Unknown thread" [_thread_in_vm, id=5644, stack(0x00007f8e5735e000,0x00007f8e5745f000)]

VM state:not at safepoint (not fully initialized)

VM Mutex/Monitor currently owned by a thread: None

GC Heap History (0 events):
No events

Deoptimization events (0 events):
No events

Internal exceptions (0 events):
No events

Events (0 events):
No events


Dynamic libraries:
e5580000-f5580000 ---p 00000000 00:00 0 
f5580000-f8000000 rw-p 00000000 00:00 0 
f8000000-100000000 ---p 00000000 00:00 0 
557e69f5e000-557e69f5f000 r-xp 00000000 08:01 138802                     /usr/lib/jvm/java-8-openjdk-amd64/jre/bin/java
557e6a15e000-557e6a15f000 r--p 00000000 08:01 138802                     /usr/lib/jvm/java-8-openjdk-amd64/jre/bin/java
557e6a15f000-557e6a160000 rw-p 00001000 08:01 138802                     /usr/lib/jvm/java-8-openjdk-amd64/jre/bin/java
557e6baaf000-557e6bad0000 rw-p 00000000 00:00 0                          [heap]
7f8e40e7b000-7f8e41000000 rw-p 00000000 00:00 0 
7f8e41000000-7f8e41270000 rwxp 00000000 00:00 0 
7f8e41270000-7f8e50000000 ---p 00000000 00:00 0 
7f8e50000000-7f8e50033000 rw-p 00000000 00:00 0 
7f8e50033000-7f8e54000000 ---p 00000000 00:00 0 
7f8e54085000-7f8e54170000 rw-p 00000000 00:00 0 
7f8e54170000-7f8e5421a000 ---p 00000000 00:00 0 
7f8e5421a000-7f8e54230000 rw-p 00000000 00:00 0 
7f8e54230000-7f8e54270000 ---p 00000000 00:00 0 
7f8e54270000-7f8e5427b000 rw-p 00000000 00:00 0 
7f8e5427b000-7f8e54631000 ---p 00000000 00:00 0 
7f8e54631000-7f8e54639000 r-xp 00000000 08:01 138848                     /usr/lib/jvm/java-8-openjdk-amd64/jre/lib/amd64/libzip.so
7f8e54639000-7f8e54838000 ---p 00008000 08:01 138848                     /usr/lib/jvm/java-8-openjdk-amd64/jre/lib/amd64/libzip.so
7f8e54838000-7f8e54839000 r--p 00007000 08:01 138848                     /usr/lib/jvm/java-8-openjdk-amd64/jre/lib/amd64/libzip.so
7f8e54839000-7f8e5483a000 rw-p 00008000 08:01 138848                     /usr/lib/jvm/java-8-openjdk-amd64/jre/lib/amd64/libzip.so
7f8e5483a000-7f8e54867000 r-xp 00000000 08:01 138829                     /usr/lib/jvm/java-8-openjdk-amd64/jre/lib/amd64/libjava.so
7f8e54867000-7f8e54a66000 ---p 0002d000 08:01 138829                     /usr/lib/jvm/java-8-openjdk-amd64/jre/lib/amd64/libjava.so
7f8e54a66000-7f8e54a67000 r--p 0002c000 08:01 138829                     /usr/lib/jvm/java-8-openjdk-amd64/jre/lib/amd64/libjava.so
7f8e54a67000-7f8e54a69000 rw-p 0002d000 08:01 138829                     /usr/lib/jvm/java-8-openjdk-amd64/jre/lib/amd64/libjava.so
7f8e54a69000-7f8e54a78000 r-xp 00000000 08:01 138847                     /usr/lib/jvm/java-8-openjdk-amd64/jre/lib/amd64/libverify.so
7f8e54a78000-7f8e54c78000 ---p 0000f000 08:01 138847                     /usr/lib/jvm/java-8-openjdk-amd64/jre/lib/amd64/libverify.so
7f8e54c78000-7f8e54c7a000 r--p 0000f000 08:01 138847                     /usr/lib/jvm/java-8-openjdk-amd64/jre/lib/amd64/libverify.so
7f8e54c7a000-7f8e54c7b000 rw-p 00011000 08:01 138847                     /usr/lib/jvm/java-8-openjdk-amd64/jre/lib/amd64/libverify.so
7f8e54c7b000-7f8e54c82000 r-xp 00000000 08:01 400452                     /lib/x86_64-linux-gnu/librt-2.24.so
7f8e54c82000-7f8e54e81000 ---p 00007000 08:01 400452                     /lib/x86_64-linux-gnu/librt-2.24.so
7f8e54e81000-7f8e54e82000 r--p 00006000 08:01 400452                     /lib/x86_64-linux-gnu/librt-2.24.so
7f8e54e82000-7f8e54e83000 rw-p 00007000 08:01 400452                     /lib/x86_64-linux-gnu/librt-2.24.so
7f8e54e83000-7f8e54e99000 r-xp 00000000 08:01 398602                     /lib/x86_64-linux-gnu/libgcc_s.so.1
7f8e54e99000-7f8e55098000 ---p 00016000 08:01 398602                     /lib/x86_64-linux-gnu/libgcc_s.so.1
7f8e55098000-7f8e55099000 r--p 00015000 08:01 398602                     /lib/x86_64-linux-gnu/libgcc_s.so.1
7f8e55099000-7f8e5509a000 rw-p 00016000 08:01 398602                     /lib/x86_64-linux-gnu/libgcc_s.so.1
7f8e5509a000-7f8e551a2000 r-xp 00000000 08:01 400280                     /lib/x86_64-linux-gnu/libm-2.24.so
7f8e551a2000-7f8e553a1000 ---p 00108000 08:01 400280                     /lib/x86_64-linux-gnu/libm-2.24.so
7f8e553a1000-7f8e553a2000 r--p 00107000 08:01 400280                     /lib/x86_64-linux-gnu/libm-2.24.so
7f8e553a2000-7f8e553a3000 rw-p 00108000 08:01 400280                     /lib/x86_64-linux-gnu/libm-2.24.so
7f8e553a3000-7f8e5551c000 r-xp 00000000 08:01 661235                     /usr/lib/x86_64-linux-gnu/libstdc++.so.6.0.22
7f8e5551c000-7f8e5571b000 ---p 00179000 08:01 661235                     /usr/lib/x86_64-linux-gnu/libstdc++.so.6.0.22
7f8e5571b000-7f8e55725000 r--p 00178000 08:01 661235                     /usr/lib/x86_64-linux-gnu/libstdc++.so.6.0.22
7f8e55725000-7f8e55727000 rw-p 00182000 08:01 661235                     /usr/lib/x86_64-linux-gnu/libstdc++.so.6.0.22
7f8e55727000-7f8e5572b000 rw-p 00000000 00:00 0 
7f8e5572b000-7f8e56385000 r-xp 00000000 08:01 138851                     /usr/lib/jvm/java-8-openjdk-amd64/jre/lib/amd64/server/libjvm.so
7f8e56385000-7f8e56584000 ---p 00c5a000 08:01 138851                     /usr/lib/jvm/java-8-openjdk-amd64/jre/lib/amd64/server/libjvm.so
7f8e56584000-7f8e56617000 r--p 00c59000 08:01 138851                     /usr/lib/jvm/java-8-openjdk-amd64/jre/lib/amd64/server/libjvm.so
7f8e56617000-7f8e56640000 rw-p 00cec000 08:01 138851                     /usr/lib/jvm/java-8-openjdk-amd64/jre/lib/amd64/server/libjvm.so
7f8e56640000-7f8e56670000 rw-p 00000000 00:00 0 
7f8e56670000-7f8e56688000 r-xp 00000000 08:01 400450                     /lib/x86_64-linux-gnu/libpthread-2.24.so
7f8e56688000-7f8e56888000 ---p 00018000 08:01 400450                     /lib/x86_64-linux-gnu/libpthread-2.24.so
7f8e56888000-7f8e56889000 r--p 00018000 08:01 400450                     /lib/x86_64-linux-gnu/libpthread-2.24.so
7f8e56889000-7f8e5688a000 rw-p 00019000 08:01 400450                     /lib/x86_64-linux-gnu/libpthread-2.24.so
7f8e5688a000-7f8e5688e000 rw-p 00000000 00:00 0 
7f8e5688e000-7f8e56891000 r-xp 00000000 08:01 400141                     /lib/x86_64-linux-gnu/libdl-2.24.so
7f8e56891000-7f8e56a90000 ---p 00003000 08:01 400141                     /lib/x86_64-linux-gnu/libdl-2.24.so
7f8e56a90000-7f8e56a91000 r--p 00002000 08:01 400141                     /lib/x86_64-linux-gnu/libdl-2.24.so
7f8e56a91000-7f8e56a92000 rw-p 00003000 08:01 400141                     /lib/x86_64-linux-gnu/libdl-2.24.so
7f8e56a92000-7f8e56aad000 r-xp 00000000 08:01 398613                     /lib/x86_64-linux-gnu/libz.so.1.2.11
7f8e56aad000-7f8e56cac000 ---p 0001b000 08:01 398613                     /lib/x86_64-linux-gnu/libz.so.1.2.11
7f8e56cac000-7f8e56cad000 r--p 0001a000 08:01 398613                     /lib/x86_64-linux-gnu/libz.so.1.2.11
7f8e56cad000-7f8e56cae000 rw-p 0001b000 08:01 398613                     /lib/x86_64-linux-gnu/libz.so.1.2.11
7f8e56cae000-7f8e56e6c000 r-xp 00000000 08:01 399707                     /lib/x86_64-linux-gnu/libc-2.24.so
7f8e56e6c000-7f8e5706b000 ---p 001be000 08:01 399707                     /lib/x86_64-linux-gnu/libc-2.24.so
7f8e5706b000-7f8e5706f000 r--p 001bd000 08:01 399707                     /lib/x86_64-linux-gnu/libc-2.24.so
7f8e5706f000-7f8e57071000 rw-p 001c1000 08:01 399707                     /lib/x86_64-linux-gnu/libc-2.24.so
7f8e57071000-7f8e57075000 rw-p 00000000 00:00 0 
7f8e57075000-7f8e57082000 r-xp 00000000 08:01 138815                     /usr/lib/jvm/java-8-openjdk-amd64/jre/lib/amd64/jli/libjli.so
7f8e57082000-7f8e57282000 ---p 0000d000 08:01 138815                     /usr/lib/jvm/java-8-openjdk-amd64/jre/lib/amd64/jli/libjli.so
7f8e57282000-7f8e57283000 r--p 0000d000 08:01 138815                     /usr/lib/jvm/java-8-openjdk-amd64/jre/lib/amd64/jli/libjli.so
7f8e57283000-7f8e57284000 rw-p 0000e000 08:01 138815                     /usr/lib/jvm/java-8-openjdk-amd64/jre/lib/amd64/jli/libjli.so
7f8e57284000-7f8e572aa000 r-xp 00000000 08:01 394524                     /lib/x86_64-linux-gnu/ld-2.24.so
7f8e5735e000-7f8e57361000 ---p 00000000 00:00 0 
7f8e57361000-7f8e57463000 rw-p 00000000 00:00 0 
7f8e57467000-7f8e5746f000 rw-s 00000000 08:01 276119                     /tmp/hsperfdata_user/5618
7f8e5746f000-7f8e574a4000 r--s 00000000 08:01 786980                     /var/cache/nscd/passwd
7f8e574a4000-7f8e574a5000 rw-p 00000000 00:00 0 
7f8e574a5000-7f8e574a6000 r--p 00000000 00:00 0 
7f8e574a6000-7f8e574a9000 rw-p 00000000 00:00 0 
7f8e574a9000-7f8e574aa000 r--p 00025000 08:01 394524                     /lib/x86_64-linux-gnu/ld-2.24.so
7f8e574aa000-7f8e574ab000 rw-p 00026000 08:01 394524                     /lib/x86_64-linux-gnu/ld-2.24.so
7f8e574ab000-7f8e574ac000 rw-p 00000000 00:00 0 
7fffbebe6000-7fffbec08000 rw-p 00000000 00:00 0                          [stack]
7fffbed55000-7fffbed57000 r--p 00000000 00:00 0                          [vvar]
7fffbed57000-7fffbed59000 r-xp 00000000 00:00 0                          [vdso]
ffffffffff600000-ffffffffff601000 r-xp 00000000 00:00 0                  [vsyscall]

VM Arguments:
jvm_args: -Xms128M -Xmx512M -XX:+UnlockDiagnosticVMOptions -XX:+UnsyncloadClass -Dcom.sun.management.jmxremote -Djava.endorsed.dirs=/usr/lib/jvm/java-8-openjdk-amd64/jre/jre/lib/endorsed:/usr/lib/jvm/java-8-openjdk-amd64/jre/lib/endorsed:/home/user/Bureau/Projet 2 ESB/microservices-uns/apache-servicemix-7.0.1/lib/endorsed -Djava.ext.dirs=/usr/lib/jvm/java-8-openjdk-amd64/jre/jre/lib/ext:/usr/lib/jvm/java-8-openjdk-amd64/jre/lib/ext:/home/user/Bureau/Projet 2 ESB/microservices-uns/apache-servicemix-7.0.1/lib/ext -Dkaraf.instances=/home/user/Bureau/Projet 2 ESB/microservices-uns/apache-servicemix-7.0.1/instances -Dkaraf.home=/home/user/Bureau/Projet 2 ESB/microservices-uns/apache-servicemix-7.0.1 -Dkaraf.base=/home/user/Bureau/Projet 2 ESB/microservices-uns/apache-servicemix-7.0.1 -Dkaraf.data=/home/user/Bureau/Projet 2 ESB/microservices-uns/apache-servicemix-7.0.1/data -Dkaraf.etc=/home/user/Bureau/Projet 2 ESB/microservices-uns/apache-servicemix-7.0.1/etc -Dkaraf.restart.jvm.supported=true -Djava.io.tmpdir=/home/user/Bureau/Projet 2 ESB/microservices-uns/apache-servicemix-7.0.1/data/tmp -Djava.util.logging.config.file=/home/user/Bureau/Projet 2 ESB/microservices-uns/apache-servicemix-7.0.1/etc/java.util.logging.properties -Dkaraf.startLocalConsole=true -Dkaraf.startRemoteShell=true 
java_command: org.apache.karaf.main.Main
java_class_path (initial): /home/user/Bureau/Projet 2 ESB/microservices-uns/apache-servicemix-7.0.1/lib/boot/org.apache.karaf.diagnostic.boot-4.0.9.jar:/home/user/Bureau/Projet 2 ESB/microservices-uns/apache-servicemix-7.0.1/lib/boot/org.apache.karaf.jaas.boot-4.0.9.jar:/home/user/Bureau/Projet 2 ESB/microservices-uns/apache-servicemix-7.0.1/lib/boot/org.apache.karaf.main-4.0.9.jar:/home/user/Bureau/Projet 2 ESB/microservices-uns/apache-servicemix-7.0.1/lib/boot/org.osgi.core-6.0.0.jar
Launcher Type: SUN_STANDARD

Environment Variables:
PATH=/home/user/Téléchargements/google-cloud-sdk/bin:/home/user/bin:/home/user/.local/bin:/usr/local/sbin:/usr/local/bin:/usr/sbin:/usr/bin:/sbin:/bin:/usr/games:/usr/local/games:/snap/bin
LD_LIBRARY_PATH=:/home/user/Bureau/Projet 2 ESB/microservices-uns/apache-servicemix-7.0.1/lib:/home/user/Bureau/Projet 2 ESB/microservices-uns/apache-servicemix-7.0.1/lib
SHELL=/bin/bash
DISPLAY=:0

Signal Handlers:
SIGSEGV: [libjvm.so+0xa70490], sa_mask[0]=11111111011111111101111111111110, sa_flags=SA_RESTART|SA_SIGINFO
SIGBUS: [libjvm.so+0xa70490], sa_mask[0]=11111111011111111101111111111110, sa_flags=SA_RESTART|SA_SIGINFO
SIGFPE: [libjvm.so+0x8b9fc0], sa_mask[0]=11111111011111111101111111111110, sa_flags=SA_RESTART|SA_SIGINFO
SIGPIPE: [libjvm.so+0x8b9fc0], sa_mask[0]=11111111011111111101111111111110, sa_flags=SA_RESTART|SA_SIGINFO
SIGXFSZ: [libjvm.so+0x8b9fc0], sa_mask[0]=11111111011111111101111111111110, sa_flags=SA_RESTART|SA_SIGINFO
SIGILL: [libjvm.so+0x8b9fc0], sa_mask[0]=11111111011111111101111111111110, sa_flags=SA_RESTART|SA_SIGINFO
SIGUSR1: SIG_DFL, sa_mask[0]=00000000000000000000000000000000, sa_flags=none
SIGUSR2: [libjvm.so+0x8b9e70], sa_mask[0]=00000000000000000000000000000000, sa_flags=SA_RESTART|SA_SIGINFO
SIGHUP: SIG_DFL, sa_mask[0]=00000000000000000000000000000000, sa_flags=none
SIGINT: SIG_DFL, sa_mask[0]=00000000000000000000000000000000, sa_flags=none
SIGTERM: SIG_DFL, sa_mask[0]=00000000000000000000000000000000, sa_flags=none
SIGQUIT: SIG_DFL, sa_mask[0]=00000000000000000000000000000000, sa_flags=none


---------------  S Y S T E M  ---------------

OS:DISTRIB_ID=Ubuntu
DISTRIB_RELEASE=17.04
DISTRIB_CODENAME=zesty
DISTRIB_DESCRIPTION="Ubuntu 17.04"

uname:Linux 4.10.0-38-generic #42-Ubuntu SMP Tue Oct 10 13:24:27 UTC 2017 x86_64
libc:glibc 2.24 NPTL 2.24 
rlimit: STACK 8192k, CORE 0k, NPROC 16707, NOFILE 4096, AS infinity
load average:35.22 26.76 12.05

/proc/meminfo:
MemTotal:        4322732 kB
MemFree:          110632 kB
MemAvailable:      27324 kB
Buffers:            1104 kB
Cached:           144132 kB
SwapCached:            0 kB
Active:          3855576 kB
Inactive:         120456 kB
Active(anon):    3840424 kB
Inactive(anon):   105292 kB
Active(file):      15152 kB
Inactive(file):    15164 kB
Unevictable:        9208 kB
Mlocked:            9208 kB
SwapTotal:             0 kB
SwapFree:              0 kB
Dirty:                 0 kB
Writeback:             0 kB
AnonPages:       3840116 kB
Mapped:           118432 kB
Shmem:            106920 kB
Slab:             115844 kB
SReclaimable:      42592 kB
SUnreclaim:        73252 kB
KernelStack:       15248 kB
PageTables:        50548 kB
NFS_Unstable:          0 kB
Bounce:                0 kB
WritebackTmp:          0 kB
CommitLimit:     2161364 kB
Committed_AS:   11076624 kB
VmallocTotal:   34359738367 kB
VmallocUsed:           0 kB
VmallocChunk:          0 kB
HardwareCorrupted:     0 kB
AnonHugePages:   1417216 kB
ShmemHugePages:        0 kB
ShmemPmdMapped:        0 kB
CmaTotal:              0 kB
CmaFree:               0 kB
HugePages_Total:       0
HugePages_Free:        0
HugePages_Rsvd:        0
HugePages_Surp:        0
Hugepagesize:       2048 kB
DirectMap4k:      212928 kB
DirectMap2M:     4265984 kB


CPU:total 2 (initial active 2) (2 cores per cpu, 1 threads per core) family 6 model 61 stepping 4, cmov, cx8, fxsr, mmx, sse, sse2, sse3, ssse3, sse4.1, sse4.2, popcnt, avx, aes, clmul, 3dnowpref, lzcnt, tsc, tscinvbit

/proc/cpuinfo:
processor	: 0
vendor_id	: GenuineIntel
cpu family	: 6
model		: 61
model name	: Intel(R) Core(TM) i7-5500U CPU @ 2.40GHz
stepping	: 4
cpu MHz		: 2394.450
cache size	: 4096 KB
physical id	: 0
siblings	: 2
core id		: 0
cpu cores	: 2
apicid		: 0
initial apicid	: 0
fpu		: yes
fpu_exception	: yes
cpuid level	: 20
wp		: yes
flags		: fpu vme de pse tsc msr pae mce cx8 apic sep mtrr pge mca cmov pat pse36 clflush mmx fxsr sse sse2 ht syscall nx rdtscp lm constant_tsc rep_good nopl xtopology nonstop_tsc pni pclmulqdq ssse3 cx16 sse4_1 sse4_2 x2apic movbe popcnt aes xsave avx rdrand hypervisor lahf_lm abm 3dnowprefetch rdseed
bugs		:
bogomips	: 4788.90
clflush size	: 64
cache_alignment	: 64
address sizes	: 39 bits physical, 48 bits virtual
power management:

processor	: 1
vendor_id	: GenuineIntel
cpu family	: 6
model		: 61
model name	: Intel(R) Core(TM) i7-5500U CPU @ 2.40GHz
stepping	: 4
cpu MHz		: 2394.450
cache size	: 4096 KB
physical id	: 0
siblings	: 2
core id		: 1
cpu cores	: 2
apicid		: 1
initial apicid	: 1
fpu		: yes
fpu_exception	: yes
cpuid level	: 20
wp		: yes
flags		: fpu vme de pse tsc msr pae mce cx8 apic sep mtrr pge mca cmov pat pse36 clflush mmx fxsr sse sse2 ht syscall nx rdtscp lm constant_tsc rep_good nopl xtopology nonstop_tsc pni pclmulqdq ssse3 cx16 sse4_1 sse4_2 x2apic movbe popcnt aes xsave avx rdrand hypervisor lahf_lm abm 3dnowprefetch rdseed
bugs		:
bogomips	: 4788.90
clflush size	: 64
cache_alignment	: 64
address sizes	: 39 bits physical, 48 bits virtual
power management:



Memory: 4k page, physical 4322732k(110632k free), swap 0k(0k free)

vm_info: OpenJDK 64-Bit Server VM (25.131-b11) for linux-amd64 JRE (1.8.0_131-8u131-b11-2ubuntu1.17.04.3-b11), built on Jul 27 2017 21:26:44 by "buildd" with gcc 6.3.0 20170406

time: Sat Nov  4 18:21:55 2017
elapsed time: 1 seconds (0d 0h 0m 1s)

